<?xml version="1.0" encoding="UTF-8"?>
<!-- Generated by org.testng.reporters.JUnitReportReporter -->
<<<<<<< HEAD
<testsuite hostname="LAPTOP-NCF5HT75" failures="0" tests="34" name="runner.TestRunner" time="179.306" errors="0" timestamp="2023-11-07T13:49:22 EST" skipped="0">
  <testcase classname="runner.TestRunner" name="runScenario" time="6.610"/>
  <system-out/>
  <testcase classname="runner.TestRunner" name="runScenario" time="4.990"/>
  <system-out/>
  <testcase classname="runner.TestRunner" name="runScenario" time="5.069"/>
  <system-out/>
  <testcase classname="runner.TestRunner" name="runScenario" time="5.266"/>
  <system-out/>
  <testcase classname="runner.TestRunner" name="runScenario" time="5.496"/>
  <system-out/>
  <testcase classname="runner.TestRunner" name="runScenario" time="2.805"/>
  <system-out/>
  <testcase classname="runner.TestRunner" name="runScenario" time="5.174"/>
  <system-out/>
  <testcase classname="runner.TestRunner" name="runScenario" time="3.611"/>
  <system-out/>
  <testcase classname="runner.TestRunner" name="runScenario" time="3.455"/>
  <system-out/>
  <testcase classname="runner.TestRunner" name="runScenario" time="6.524"/>
  <system-out/>
  <testcase classname="runner.TestRunner" name="runScenario" time="5.722"/>
  <system-out/>
  <testcase classname="runner.TestRunner" name="runScenario" time="5.555"/>
  <system-out/>
  <testcase classname="runner.TestRunner" name="runScenario" time="7.887"/>
  <system-out/>
  <testcase classname="runner.TestRunner" name="runScenario" time="7.003"/>
  <system-out/>
  <testcase classname="runner.TestRunner" name="runScenario" time="3.921"/>
  <system-out/>
  <testcase classname="runner.TestRunner" name="runScenario" time="6.050"/>
  <system-out/>
  <testcase classname="runner.TestRunner" name="runScenario" time="6.105"/>
  <system-out/>
  <testcase classname="runner.TestRunner" name="runScenario" time="3.239"/>
  <system-out/>
  <testcase classname="runner.TestRunner" name="runScenario" time="6.470"/>
  <system-out/>
  <testcase classname="runner.TestRunner" name="runScenario" time="6.308"/>
  <system-out/>
  <testcase classname="runner.TestRunner" name="runScenario" time="2.738"/>
  <system-out/>
  <testcase classname="runner.TestRunner" name="runScenario" time="6.395"/>
  <system-out/>
  <testcase classname="runner.TestRunner" name="runScenario" time="5.111"/>
  <system-out/>
  <testcase classname="runner.TestRunner" name="runScenario" time="5.022"/>
  <system-out/>
  <testcase classname="runner.TestRunner" name="runScenario" time="2.811"/>
  <system-out/>
  <testcase classname="runner.TestRunner" name="runScenario" time="3.294"/>
  <system-out/>
  <testcase classname="runner.TestRunner" name="runScenario" time="3.190"/>
  <system-out/>
  <testcase classname="runner.TestRunner" name="runScenario" time="13.883"/>
  <system-out/>
  <testcase classname="runner.TestRunner" name="runScenario" time="6.536"/>
  <system-out/>
  <testcase classname="runner.TestRunner" name="runScenario" time="5.724"/>
  <system-out/>
  <testcase classname="runner.TestRunner" name="runScenario" time="2.794"/>
  <system-out/>
  <testcase classname="runner.TestRunner" name="runScenario" time="6.071"/>
  <system-out/>
  <testcase classname="runner.TestRunner" name="runScenario" time="3.523"/>
  <system-out/>
  <testcase classname="runner.TestRunner" name="runScenario" time="4.954"/>
=======
<testsuite hostname="LAPTOP-NCF5HT75" failures="0" tests="28" name="runner.TestRunner" time="168.642" errors="0" timestamp="2023-10-23T22:27:16 EDT" skipped="0">
  <testcase classname="runner.TestRunner" name="runScenario" time="8.801"/>
  <system-out/>
  <testcase classname="runner.TestRunner" name="runScenario" time="6.008"/>
  <system-out/>
  <testcase classname="runner.TestRunner" name="runScenario" time="2.376"/>
  <system-out/>
  <testcase classname="runner.TestRunner" name="runScenario" time="5.768"/>
  <system-out/>
  <testcase classname="runner.TestRunner" name="runScenario" time="6.555"/>
  <system-out/>
  <testcase classname="runner.TestRunner" name="runScenario" time="5.672"/>
  <system-out/>
  <testcase classname="runner.TestRunner" name="runScenario" time="5.551"/>
  <system-out/>
  <testcase classname="runner.TestRunner" name="runScenario" time="5.794"/>
  <system-out/>
  <testcase classname="runner.TestRunner" name="runScenario" time="4.880"/>
  <system-out/>
  <testcase classname="runner.TestRunner" name="runScenario" time="5.322"/>
  <system-out/>
  <testcase classname="runner.TestRunner" name="runScenario" time="5.490"/>
  <system-out/>
  <testcase classname="runner.TestRunner" name="runScenario" time="6.300"/>
  <system-out/>
  <testcase classname="runner.TestRunner" name="runScenario" time="5.841"/>
  <system-out/>
  <testcase classname="runner.TestRunner" name="runScenario" time="16.115"/>
  <system-out/>
  <testcase classname="runner.TestRunner" name="runScenario" time="9.548"/>
  <system-out/>
  <testcase classname="runner.TestRunner" name="runScenario" time="2.494"/>
  <system-out/>
  <testcase classname="runner.TestRunner" name="runScenario" time="2.173"/>
  <system-out/>
  <testcase classname="runner.TestRunner" name="runScenario" time="6.401"/>
  <system-out/>
  <testcase classname="runner.TestRunner" name="runScenario" time="2.458"/>
  <system-out/>
  <testcase classname="runner.TestRunner" name="runScenario" time="5.847"/>
  <system-out/>
  <testcase classname="runner.TestRunner" name="runScenario" time="5.449"/>
  <system-out/>
  <testcase classname="runner.TestRunner" name="runScenario" time="5.481"/>
  <system-out/>
  <testcase classname="runner.TestRunner" name="runScenario" time="6.148"/>
  <system-out/>
  <testcase classname="runner.TestRunner" name="runScenario" time="2.936"/>
  <system-out/>
  <testcase classname="runner.TestRunner" name="runScenario" time="3.802"/>
  <system-out/>
  <testcase classname="runner.TestRunner" name="runScenario" time="2.302"/>
  <system-out/>
  <testcase classname="runner.TestRunner" name="runScenario" time="17.648"/>
  <system-out/>
  <testcase classname="runner.TestRunner" name="runScenario" time="5.482"/>
>>>>>>> origin/master
  <system-out/>
</testsuite> <!-- runner.TestRunner -->
